<?xml version="1.0" encoding="UTF-8"?>
<!-- Generated by org.testng.reporters.JUnitReportReporter -->
<testsuite hostname="LAPTOP-J2TOIKUA" failures="0" tests="2" name="testNG.TestDemo1" time="0.002" errors="0" timestamp="2023-10-07T14:14:25 IST" skipped="0">
  <testcase classname="testNG.TestDemo1" name="EducationLoan" time="0.001"/>
  <testcase classname="testNG.TestDemo1" name="personalloan" time="0.001"/>
</testsuite> <!-- testNG.TestDemo1 -->
