<?xml version="1.0" encoding="UTF-8"?>
<!-- Generated by org.testng.reporters.JUnitReportReporter -->
<testsuite hostname="LAPTOP-J2TOIKUA" failures="0" tests="1" name="testNG.testDemo" time="0.009" errors="0" timestamp="2023-10-07T14:14:25 IST" skipped="0">
  <testcase classname="testNG.testDemo" name="demo" time="0.009"/>
</testsuite> <!-- testNG.testDemo -->
