<?xml version="1.0" encoding="UTF-8"?>
<!-- Generated by org.testng.reporters.JUnitReportReporter -->
<testsuite hostname="LAPTOP-J2TOIKUA" failures="0" tests="5" name="testNG.Annotations" time="0.019" errors="0" timestamp="2023-10-06T21:49:00 IST" skipped="1">
  <testcase classname="testNG.Annotations" name="Bike" time="0.013"/>
  <testcase classname="testNG.Annotations" name="Humans" time="0.003"/>
  <testcase classname="testNG.Annotations" name="Animal" time="0.002"/>
  <testcase classname="testNG.Annotations" name="Birds" time="0.001"/>
  <testcase classname="testNG.Annotations" name="Cars">
    <skipped/>
  </testcase> <!-- Cars -->
</testsuite> <!-- testNG.Annotations -->
