<?xml version="1.0" encoding="UTF-8"?>
<!-- Generated by org.testng.reporters.JUnitReportReporter -->
<testsuite hostname="LAPTOP-J2TOIKUA" failures="0" tests="2" name="testNG.CarLoan" time="0.004" errors="0" timestamp="2023-10-07T14:14:25 IST" skipped="0">
  <testcase classname="testNG.CarLoan" name="Weblogincarloan" time="0.002"/>
  <testcase classname="testNG.CarLoan" name="APIlogincarloan" time="0.002"/>
</testsuite> <!-- testNG.CarLoan -->
