<?xml version="1.0" encoding="UTF-8"?>
<!-- Generated by org.testng.reporters.JUnitReportReporter -->
<testsuite hostname="LAPTOP-J2TOIKUA" failures="0" tests="4" name="testNG.HomeLoan" time="0.007" errors="0" timestamp="2023-10-07T14:14:25 IST" skipped="0">
  <testcase classname="testNG.HomeLoan" name="Webloginhomeloan" time="0.003"/>
  <testcase classname="testNG.HomeLoan" name="Mobilesigninhomeloan" time="0.001"/>
  <testcase classname="testNG.HomeLoan" name="Mobileloginhomeloan" time="0.001"/>
  <testcase classname="testNG.HomeLoan" name="Mobilesigbnouthomeloan" time="0.002"/>
</testsuite> <!-- testNG.HomeLoan -->
