<?xml version="1.0" encoding="UTF-8"?>
<!-- Generated by org.testng.reporters.JUnitReportReporter -->
<testsuite hostname="LAPTOP-J2TOIKUA" failures="0" tests="1" name="streamMethods.StreamPractise" time="0.023" errors="0" timestamp="2023-10-02T18:54:33 IST" skipped="0">
  <testcase classname="streamMethods.StreamPractise" name="streamcollect" time="0.023"/>
</testsuite> <!-- streamMethods.StreamPractise -->
